# JRE version: Java(TM) SE Runtime Environment (7.0_79-b15) (build 1.7.0_79-b15)
# Java VM: Java HotSpot(TM) 64-Bit Server VM (24.79-b02 mixed mode bsd-amd64 compressed oops)
Heap
 PSYoungGen      total 72704K, used 17328K [0x0000000145d00000, 0x000000014a900000, 0x000000015b280000)
  eden space 67584K, 18% used [0x0000000145d00000,0x00000001468efe90,0x0000000149f00000)
  from space 5120K, 99% used [0x000000014a400000,0x000000014a8fc180,0x000000014a900000)
  to   space 5120K, 0% used [0x0000000149f00000,0x0000000149f00000,0x000000014a400000)
 ParOldGen       total 87040K, used 9773K [0x000000011b280000, 0x0000000120780000, 0x0000000145d00000)
  object space 87040K, 11% used [0x000000011b280000,0x000000011bc0b6b8,0x0000000120780000)
 PSPermGen       total 21504K, used 21018K [0x000000010b280000, 0x000000010c780000, 0x000000011b280000)
  object space 21504K, 97% used [0x000000010b280000,0x000000010c706b38,0x000000010c780000)
GC Heap History (8 events):
Event: 1.074 GC heap before
{Heap before GC invocations=1 (full 0):
 PSYoungGen      total 38912K, used 33792K [0x0000000145d00000, 0x0000000148800000, 0x000000015b280000)
  eden space 33792K, 100% used [0x0000000145d00000,0x0000000147e00000,0x0000000147e00000)
  from space 5120K, 0% used [0x0000000148300000,0x0000000148300000,0x0000000148800000)
  to   space 5120K, 0% used [0x0000000147e00000,0x0000000147e00000,0x0000000148300000)
 ParOldGen       total 87040K, used 0K [0x000000011b280000, 0x0000000120780000, 0x0000000145d00000)
  object space 87040K, 0% used [0x000000011b280000,0x000000011b280000,0x0000000120780000)
 PSPermGen       total 21504K, used 8187K [0x000000010b280000, 0x000000010c780000, 0x000000011b280000)
  object space 21504K, 38% used [0x000000010b280000,0x000000010ba7eca8,0x000000010c780000)
Event: 1.085 GC heap after
Heap after GC invocations=1 (full 0):
 PSYoungGen      total 38912K, used 4996K [0x0000000145d00000, 0x0000000148800000, 0x000000015b280000)
  eden space 33792K, 0% used [0x0000000145d00000,0x0000000145d00000,0x0000000147e00000)
  from space 5120K, 97% used [0x0000000147e00000,0x00000001482e1148,0x0000000148300000)
  to   space 5120K, 0% used [0x0000000148300000,0x0000000148300000,0x0000000148800000)
 ParOldGen       total 87040K, used 8K [0x000000011b280000, 0x0000000120780000, 0x0000000145d00000)
  object space 87040K, 0% used [0x000000011b280000,0x000000011b282000,0x0000000120780000)
 PSPermGen       total 21504K, used 8187K [0x000000010b280000, 0x000000010c780000, 0x000000011b280000)
  object space 21504K, 38% used [0x000000010b280000,0x000000010ba7eca8,0x000000010c780000)
}
Event: 1.930 GC heap before
{Heap before GC invocations=2 (full 0):
 PSYoungGen      total 38912K, used 38788K [0x0000000145d00000, 0x0000000148800000, 0x000000015b280000)
  eden space 33792K, 100% used [0x0000000145d00000,0x0000000147e00000,0x0000000147e00000)
  from space 5120K, 97% used [0x0000000147e00000,0x00000001482e1148,0x0000000148300000)
  to   space 5120K, 0% used [0x0000000148300000,0x0000000148300000,0x0000000148800000)
 ParOldGen       total 87040K, used 8K [0x000000011b280000, 0x0000000120780000, 0x0000000145d00000)
  object space 87040K, 0% used [0x000000011b280000,0x000000011b282000,0x0000000120780000)
 PSPermGen       total 21504K, used 14778K [0x000000010b280000, 0x000000010c780000, 0x000000011b280000)
  object space 21504K, 68% used [0x000000010b280000,0x000000010c0ee9e8,0x000000010c780000)
Event: 1.944 GC heap after
Heap after GC invocations=2 (full 0):
 PSYoungGen      total 38912K, used 5101K [0x0000000145d00000, 0x000000014a900000, 0x000000015b280000)
  eden space 33792K, 0% used [0x0000000145d00000,0x0000000145d00000,0x0000000147e00000)
  from space 5120K, 99% used [0x0000000148300000,0x00000001487fb7e0,0x0000000148800000)
  to   space 5120K, 0% used [0x0000000147e00000,0x0000000147e00000,0x0000000148300000)
 ParOldGen       total 87040K, used 2580K [0x000000011b280000, 0x0000000120780000, 0x0000000145d00000)
  object space 87040K, 2% used [0x000000011b280000,0x000000011b505318,0x0000000120780000)
 PSPermGen       total 21504K, used 14778K [0x000000010b280000, 0x000000010c780000, 0x000000011b280000)
  object space 21504K, 68% used [0x000000010b280000,0x000000010c0ee9e8,0x000000010c780000)
}
Event: 2.743 GC heap before
{Heap before GC invocations=3 (full 0):
 PSYoungGen      total 38912K, used 38893K [0x0000000145d00000, 0x000000014a900000, 0x000000015b280000)
  eden space 33792K, 100% used [0x0000000145d00000,0x0000000147e00000,0x0000000147e00000)
  from space 5120K, 99% used [0x0000000148300000,0x00000001487fb7e0,0x0000000148800000)
  to   space 5120K, 0% used [0x0000000147e00000,0x0000000147e00000,0x0000000148300000)
 ParOldGen       total 87040K, used 2580K [0x000000011b280000, 0x0000000120780000, 0x0000000145d00000)
  object space 87040K, 2% used [0x000000011b280000,0x000000011b505318,0x0000000120780000)
 PSPermGen       total 21504K, used 18291K [0x000000010b280000, 0x000000010c780000, 0x000000011b280000)
  object space 21504K, 85% used [0x000000010b280000,0x000000010c45ced8,0x000000010c780000)
Event: 2.757 GC heap after
Heap after GC invocations=3 (full 0):
 PSYoungGen      total 38912K, used 5104K [0x0000000145d00000, 0x000000014a900000, 0x000000015b280000)
  eden space 33792K, 0% used [0x0000000145d00000,0x0000000145d00000,0x0000000147e00000)
  from space 5120K, 99% used [0x0000000147e00000,0x00000001482fc160,0x0000000148300000)
  to   space 5120K, 0% used [0x000000014a400000,0x000000014a400000,0x000000014a900000)
 ParOldGen       total 87040K, used 5524K [0x000000011b280000, 0x0000000120780000, 0x0000000145d00000)
  object space 87040K, 6% used [0x000000011b280000,0x000000011b7e5218,0x0000000120780000)
 PSPermGen       total 21504K, used 18291K [0x000000010b280000, 0x000000010c780000, 0x000000011b280000)
  object space 21504K, 85% used [0x000000010b280000,0x000000010c45ced8,0x000000010c780000)
}
Event: 3.438 GC heap before
{Heap before GC invocations=4 (full 0):
 PSYoungGen      total 38912K, used 38896K [0x0000000145d00000, 0x000000014a900000, 0x000000015b280000)
  eden space 33792K, 100% used [0x0000000145d00000,0x0000000147e00000,0x0000000147e00000)
  from space 5120K, 99% used [0x0000000147e00000,0x00000001482fc160,0x0000000148300000)
  to   space 5120K, 0% used [0x000000014a400000,0x000000014a400000,0x000000014a900000)
 ParOldGen       total 87040K, used 5524K [0x000000011b280000, 0x0000000120780000, 0x0000000145d00000)
  object space 87040K, 6% used [0x000000011b280000,0x000000011b7e5218,0x0000000120780000)
 PSPermGen       total 21504K, used 20345K [0x000000010b280000, 0x000000010c780000, 0x000000011b280000)
  object space 21504K, 94% used [0x000000010b280000,0x000000010c65e618,0x000000010c780000)
Event: 3.457 GC heap after
Heap after GC invocations=4 (full 0):
 PSYoungGen      total 72704K, used 5104K [0x0000000145d00000, 0x000000014a900000, 0x000000015b280000)
  eden space 67584K, 0% used [0x0000000145d00000,0x0000000145d00000,0x0000000149f00000)
  from space 5120K, 99% used [0x000000014a400000,0x000000014a8fc180,0x000000014a900000)
  to   space 5120K, 0% used [0x0000000149f00000,0x0000000149f00000,0x000000014a400000)
 ParOldGen       total 87040K, used 9773K [0x000000011b280000, 0x0000000120780000, 0x0000000145d00000)
  object space 87040K, 11% used [0x000000011b280000,0x000000011bc0b6b8,0x0000000120780000)
 PSPermGen       total 21504K, used 20345K [0x000000010b280000, 0x000000010c780000, 0x000000011b280000)
  object space 21504K, 94% used [0x000000010b280000,0x000000010c65e618,0x000000010c780000)
}

