# JRE version: Java(TM) SE Runtime Environment (7.0_79-b15) (build 1.7.0_79-b15)
# Java VM: Java HotSpot(TM) 64-Bit Server VM (24.79-b02 mixed mode bsd-amd64 compressed oops)
Heap
 PSYoungGen      total 38912K, used 16428K [0x000000013cb80000, 0x0000000141780000, 0x0000000152100000)
  eden space 33792K, 33% used [0x000000013cb80000,0x000000013d68d758,0x000000013ec80000)
  from space 5120K, 99% used [0x000000013f180000,0x000000013f67dbb0,0x000000013f680000)
  to   space 5120K, 0% used [0x000000013ec80000,0x000000013ec80000,0x000000013f180000)
 ParOldGen       total 87040K, used 4798K [0x0000000112100000, 0x0000000117600000, 0x000000013cb80000)
  object space 87040K, 5% used [0x0000000112100000,0x00000001125af920,0x0000000117600000)
 PSPermGen       total 21504K, used 6707K [0x000000010cf00000, 0x000000010e400000, 0x0000000112100000)
  object space 21504K, 31% used [0x000000010cf00000,0x000000010d58ceb0,0x000000010e400000)
GC Heap History (4 events):
Event: 1.577 GC heap before
{Heap before GC invocations=1 (full 0):
 PSYoungGen      total 38912K, used 33792K [0x000000013cb80000, 0x000000013f680000, 0x0000000152100000)
  eden space 33792K, 100% used [0x000000013cb80000,0x000000013ec80000,0x000000013ec80000)
  from space 5120K, 0% used [0x000000013f180000,0x000000013f180000,0x000000013f680000)
  to   space 5120K, 0% used [0x000000013ec80000,0x000000013ec80000,0x000000013f180000)
 ParOldGen       total 87040K, used 0K [0x0000000112100000, 0x0000000117600000, 0x000000013cb80000)
  object space 87040K, 0% used [0x0000000112100000,0x0000000112100000,0x0000000117600000)
 PSPermGen       total 21504K, used 6629K [0x000000010cf00000, 0x000000010e400000, 0x0000000112100000)
  object space 21504K, 30% used [0x000000010cf00000,0x000000010d579530,0x000000010e400000)
Event: 1.586 GC heap after
Heap after GC invocations=1 (full 0):
 PSYoungGen      total 38912K, used 5118K [0x000000013cb80000, 0x000000013f680000, 0x0000000152100000)
  eden space 33792K, 0% used [0x000000013cb80000,0x000000013cb80000,0x000000013ec80000)
  from space 5120K, 99% used [0x000000013ec80000,0x000000013f17fbf0,0x000000013f180000)
  to   space 5120K, 0% used [0x000000013f180000,0x000000013f180000,0x000000013f680000)
 ParOldGen       total 87040K, used 2691K [0x0000000112100000, 0x0000000117600000, 0x000000013cb80000)
  object space 87040K, 3% used [0x0000000112100000,0x00000001123a0f98,0x0000000117600000)
 PSPermGen       total 21504K, used 6629K [0x000000010cf00000, 0x000000010e400000, 0x0000000112100000)
  object space 21504K, 30% used [0x000000010cf00000,0x000000010d579530,0x000000010e400000)
}
Event: 2.091 GC heap before
{Heap before GC invocations=2 (full 0):
 PSYoungGen      total 38912K, used 38910K [0x000000013cb80000, 0x000000013f680000, 0x0000000152100000)
  eden space 33792K, 100% used [0x000000013cb80000,0x000000013ec80000,0x000000013ec80000)
  from space 5120K, 99% used [0x000000013ec80000,0x000000013f17fbf0,0x000000013f180000)
  to   space 5120K, 0% used [0x000000013f180000,0x000000013f180000,0x000000013f680000)
 ParOldGen       total 87040K, used 2691K [0x0000000112100000, 0x0000000117600000, 0x000000013cb80000)
  object space 87040K, 3% used [0x0000000112100000,0x00000001123a0f98,0x0000000117600000)
 PSPermGen       total 21504K, used 6701K [0x000000010cf00000, 0x000000010e400000, 0x0000000112100000)
  object space 21504K, 31% used [0x000000010cf00000,0x000000010d58b738,0x000000010e400000)
Event: 2.099 GC heap after
Heap after GC invocations=2 (full 0):
 PSYoungGen      total 38912K, used 5110K [0x000000013cb80000, 0x0000000141780000, 0x0000000152100000)
  eden space 33792K, 0% used [0x000000013cb80000,0x000000013cb80000,0x000000013ec80000)
  from space 5120K, 99% used [0x000000013f180000,0x000000013f67dbb0,0x000000013f680000)
  to   space 5120K, 0% used [0x000000013ec80000,0x000000013ec80000,0x000000013f180000)
 ParOldGen       total 87040K, used 4798K [0x0000000112100000, 0x0000000117600000, 0x000000013cb80000)
  object space 87040K, 5% used [0x0000000112100000,0x00000001125af920,0x0000000117600000)
 PSPermGen       total 21504K, used 6701K [0x000000010cf00000, 0x000000010e400000, 0x0000000112100000)
  object space 21504K, 31% used [0x000000010cf00000,0x000000010d58b738,0x000000010e400000)
}

