# JRE version: Java(TM) SE Runtime Environment (7.0_79-b15) (build 1.7.0_79-b15)
# Java VM: Java HotSpot(TM) 64-Bit Server VM (24.79-b02 mixed mode bsd-amd64 compressed oops)
Heap
 PSYoungGen      total 38912K, used 11723K [0x000000013c380000, 0x0000000140f80000, 0x0000000151900000)
  eden space 33792K, 19% used [0x000000013c380000,0x000000013c9f7e60,0x000000013e480000)
  from space 5120K, 99% used [0x000000013e980000,0x000000013ee7ae30,0x000000013ee80000)
  to   space 5120K, 0% used [0x000000013e480000,0x000000013e480000,0x000000013e980000)
 ParOldGen       total 87040K, used 3702K [0x0000000111900000, 0x0000000116e00000, 0x000000013c380000)
  object space 87040K, 4% used [0x0000000111900000,0x0000000111c9d8f0,0x0000000116e00000)
 PSPermGen       total 21504K, used 6674K [0x000000010c700000, 0x000000010dc00000, 0x0000000111900000)
  object space 21504K, 31% used [0x000000010c700000,0x000000010cd84820,0x000000010dc00000)
GC Heap History (4 events):
Event: 1.993 GC heap before
{Heap before GC invocations=1 (full 0):
 PSYoungGen      total 38912K, used 33792K [0x000000013c380000, 0x000000013ee80000, 0x0000000151900000)
  eden space 33792K, 100% used [0x000000013c380000,0x000000013e480000,0x000000013e480000)
  from space 5120K, 0% used [0x000000013e980000,0x000000013e980000,0x000000013ee80000)
  to   space 5120K, 0% used [0x000000013e480000,0x000000013e480000,0x000000013e980000)
 ParOldGen       total 87040K, used 0K [0x0000000111900000, 0x0000000116e00000, 0x000000013c380000)
  object space 87040K, 0% used [0x0000000111900000,0x0000000111900000,0x0000000116e00000)
 PSPermGen       total 21504K, used 6608K [0x000000010c700000, 0x000000010dc00000, 0x0000000111900000)
  object space 21504K, 30% used [0x000000010c700000,0x000000010cd740e8,0x000000010dc00000)
Event: 2.003 GC heap after
Heap after GC invocations=1 (full 0):
 PSYoungGen      total 38912K, used 5102K [0x000000013c380000, 0x000000013ee80000, 0x0000000151900000)
  eden space 33792K, 0% used [0x000000013c380000,0x000000013c380000,0x000000013e480000)
  from space 5120K, 99% used [0x000000013e480000,0x000000013e97b810,0x000000013e980000)
  to   space 5120K, 0% used [0x000000013e980000,0x000000013e980000,0x000000013ee80000)
 ParOldGen       total 87040K, used 2664K [0x0000000111900000, 0x0000000116e00000, 0x000000013c380000)
  object space 87040K, 3% used [0x0000000111900000,0x0000000111b9a1d8,0x0000000116e00000)
 PSPermGen       total 21504K, used 6608K [0x000000010c700000, 0x000000010dc00000, 0x0000000111900000)
  object space 21504K, 30% used [0x000000010c700000,0x000000010cd740e8,0x000000010dc00000)
}
Event: 2.471 GC heap before
{Heap before GC invocations=2 (full 0):
 PSYoungGen      total 38912K, used 38894K [0x000000013c380000, 0x000000013ee80000, 0x0000000151900000)
  eden space 33792K, 100% used [0x000000013c380000,0x000000013e480000,0x000000013e480000)
  from space 5120K, 99% used [0x000000013e480000,0x000000013e97b810,0x000000013e980000)
  to   space 5120K, 0% used [0x000000013e980000,0x000000013e980000,0x000000013ee80000)
 ParOldGen       total 87040K, used 2664K [0x0000000111900000, 0x0000000116e00000, 0x000000013c380000)
  object space 87040K, 3% used [0x0000000111900000,0x0000000111b9a1d8,0x0000000116e00000)
 PSPermGen       total 21504K, used 6672K [0x000000010c700000, 0x000000010dc00000, 0x0000000111900000)
  object space 21504K, 31% used [0x000000010c700000,0x000000010cd843c0,0x000000010dc00000)
Event: 2.482 GC heap after
Heap after GC invocations=2 (full 0):
 PSYoungGen      total 38912K, used 5099K [0x000000013c380000, 0x0000000140f80000, 0x0000000151900000)
  eden space 33792K, 0% used [0x000000013c380000,0x000000013c380000,0x000000013e480000)
  from space 5120K, 99% used [0x000000013e980000,0x000000013ee7ae30,0x000000013ee80000)
  to   space 5120K, 0% used [0x000000013e480000,0x000000013e480000,0x000000013e980000)
 ParOldGen       total 87040K, used 3702K [0x0000000111900000, 0x0000000116e00000, 0x000000013c380000)
  object space 87040K, 4% used [0x0000000111900000,0x0000000111c9d8f0,0x0000000116e00000)
 PSPermGen       total 21504K, used 6672K [0x000000010c700000, 0x000000010dc00000, 0x0000000111900000)
  object space 21504K, 31% used [0x000000010c700000,0x000000010cd843c0,0x000000010dc00000)
}

