# JRE version: Java(TM) SE Runtime Environment (7.0_79-b15) (build 1.7.0_79-b15)
# Java VM: Java HotSpot(TM) 64-Bit Server VM (24.79-b02 mixed mode bsd-amd64 compressed oops)
Heap
 PSYoungGen      total 38912K, used 21072K [0x0000000137600000, 0x000000013c200000, 0x000000014cb80000)
  eden space 33792K, 47% used [0x0000000137600000,0x000000013859a268,0x0000000139700000)
  from space 5120K, 99% used [0x0000000139c00000,0x000000013a0fa008,0x000000013a100000)
  to   space 5120K, 0% used [0x0000000139700000,0x0000000139700000,0x0000000139c00000)
 ParOldGen       total 87040K, used 3950K [0x000000010cb80000, 0x0000000112080000, 0x0000000137600000)
  object space 87040K, 4% used [0x000000010cb80000,0x000000010cf5bb38,0x0000000112080000)
 PSPermGen       total 21504K, used 6711K [0x0000000107980000, 0x0000000108e80000, 0x000000010cb80000)
  object space 21504K, 31% used [0x0000000107980000,0x000000010800de90,0x0000000108e80000)
GC Heap History (4 events):
Event: 1.523 GC heap before
{Heap before GC invocations=1 (full 0):
 PSYoungGen      total 38912K, used 33792K [0x0000000137600000, 0x000000013a100000, 0x000000014cb80000)
  eden space 33792K, 100% used [0x0000000137600000,0x0000000139700000,0x0000000139700000)
  from space 5120K, 0% used [0x0000000139c00000,0x0000000139c00000,0x000000013a100000)
  to   space 5120K, 0% used [0x0000000139700000,0x0000000139700000,0x0000000139c00000)
 ParOldGen       total 87040K, used 0K [0x000000010cb80000, 0x0000000112080000, 0x0000000137600000)
  object space 87040K, 0% used [0x000000010cb80000,0x000000010cb80000,0x0000000112080000)
 PSPermGen       total 21504K, used 6629K [0x0000000107980000, 0x0000000108e80000, 0x000000010cb80000)
  object space 21504K, 30% used [0x0000000107980000,0x0000000107ff9490,0x0000000108e80000)
Event: 1.533 GC heap after
Heap after GC invocations=1 (full 0):
 PSYoungGen      total 38912K, used 5118K [0x0000000137600000, 0x000000013a100000, 0x000000014cb80000)
  eden space 33792K, 0% used [0x0000000137600000,0x0000000137600000,0x0000000139700000)
  from space 5120K, 99% used [0x0000000139700000,0x0000000139bffb08,0x0000000139c00000)
  to   space 5120K, 0% used [0x0000000139c00000,0x0000000139c00000,0x000000013a100000)
 ParOldGen       total 87040K, used 2664K [0x000000010cb80000, 0x0000000112080000, 0x0000000137600000)
  object space 87040K, 3% used [0x000000010cb80000,0x000000010ce1a298,0x0000000112080000)
 PSPermGen       total 21504K, used 6629K [0x0000000107980000, 0x0000000108e80000, 0x000000010cb80000)
  object space 21504K, 30% used [0x0000000107980000,0x0000000107ff9490,0x0000000108e80000)
}
Event: 2.135 GC heap before
{Heap before GC invocations=2 (full 0):
 PSYoungGen      total 38912K, used 38910K [0x0000000137600000, 0x000000013a100000, 0x000000014cb80000)
  eden space 33792K, 100% used [0x0000000137600000,0x0000000139700000,0x0000000139700000)
  from space 5120K, 99% used [0x0000000139700000,0x0000000139bffb08,0x0000000139c00000)
  to   space 5120K, 0% used [0x0000000139c00000,0x0000000139c00000,0x000000013a100000)
 ParOldGen       total 87040K, used 2664K [0x000000010cb80000, 0x0000000112080000, 0x0000000137600000)
  object space 87040K, 3% used [0x000000010cb80000,0x000000010ce1a298,0x0000000112080000)
 PSPermGen       total 21504K, used 6701K [0x0000000107980000, 0x0000000108e80000, 0x000000010cb80000)
  object space 21504K, 31% used [0x0000000107980000,0x000000010800b778,0x0000000108e80000)
Event: 2.146 GC heap after
Heap after GC invocations=2 (full 0):
 PSYoungGen      total 38912K, used 5096K [0x0000000137600000, 0x000000013c200000, 0x000000014cb80000)
  eden space 33792K, 0% used [0x0000000137600000,0x0000000137600000,0x0000000139700000)
  from space 5120K, 99% used [0x0000000139c00000,0x000000013a0fa008,0x000000013a100000)
  to   space 5120K, 0% used [0x0000000139700000,0x0000000139700000,0x0000000139c00000)
 ParOldGen       total 87040K, used 3950K [0x000000010cb80000, 0x0000000112080000, 0x0000000137600000)
  object space 87040K, 4% used [0x000000010cb80000,0x000000010cf5bb38,0x0000000112080000)
 PSPermGen       total 21504K, used 6701K [0x0000000107980000, 0x0000000108e80000, 0x000000010cb80000)
  object space 21504K, 31% used [0x0000000107980000,0x000000010800b778,0x0000000108e80000)
}

