# JRE version: Java(TM) SE Runtime Environment (7.0_79-b15) (build 1.7.0_79-b15)
# Java VM: Java HotSpot(TM) 64-Bit Server VM (24.79-b02 mixed mode bsd-amd64 compressed oops)
Heap
 PSYoungGen      total 38912K, used 38888K [0x0000000140380000, 0x0000000144f80000, 0x0000000155900000)
  eden space 33792K, 100% used [0x0000000140380000,0x0000000142480000,0x0000000142480000)
  from space 5120K, 99% used [0x0000000142980000,0x0000000142e7a0b0,0x0000000142e80000)
  to   space 5120K, 61% used [0x0000000142480000,0x0000000142798078,0x0000000142980000)
 ParOldGen       total 87040K, used 12294K [0x0000000115900000, 0x000000011ae00000, 0x0000000140380000)
  object space 87040K, 14% used [0x0000000115900000,0x0000000116501988,0x000000011ae00000)
 PSPermGen       total 21504K, used 6728K [0x0000000110700000, 0x0000000111c00000, 0x0000000115900000)
  object space 21504K, 31% used [0x0000000110700000,0x0000000110d921e0,0x0000000111c00000)
GC Heap History (5 events):
Event: 1.370 GC heap before
{Heap before GC invocations=1 (full 0):
 PSYoungGen      total 38912K, used 33792K [0x0000000140380000, 0x0000000142e80000, 0x0000000155900000)
  eden space 33792K, 100% used [0x0000000140380000,0x0000000142480000,0x0000000142480000)
  from space 5120K, 0% used [0x0000000142980000,0x0000000142980000,0x0000000142e80000)
  to   space 5120K, 0% used [0x0000000142480000,0x0000000142480000,0x0000000142980000)
 ParOldGen       total 87040K, used 0K [0x0000000115900000, 0x000000011ae00000, 0x0000000140380000)
  object space 87040K, 0% used [0x0000000115900000,0x0000000115900000,0x000000011ae00000)
 PSPermGen       total 21504K, used 6629K [0x0000000110700000, 0x0000000111c00000, 0x0000000115900000)
  object space 21504K, 30% used [0x0000000110700000,0x0000000110d795d8,0x0000000111c00000)
Event: 1.379 GC heap after
Heap after GC invocations=1 (full 0):
 PSYoungGen      total 38912K, used 5118K [0x0000000140380000, 0x0000000142e80000, 0x0000000155900000)
  eden space 33792K, 0% used [0x0000000140380000,0x0000000140380000,0x0000000142480000)
  from space 5120K, 99% used [0x0000000142480000,0x000000014297fbf0,0x0000000142980000)
  to   space 5120K, 0% used [0x0000000142980000,0x0000000142980000,0x0000000142e80000)
 ParOldGen       total 87040K, used 2681K [0x0000000115900000, 0x000000011ae00000, 0x0000000140380000)
  object space 87040K, 3% used [0x0000000115900000,0x0000000115b9e610,0x000000011ae00000)
 PSPermGen       total 21504K, used 6629K [0x0000000110700000, 0x0000000111c00000, 0x0000000115900000)
  object space 21504K, 30% used [0x0000000110700000,0x0000000110d795d8,0x0000000111c00000)
}
Event: 1.868 GC heap before
{Heap before GC invocations=2 (full 0):
 PSYoungGen      total 38912K, used 38910K [0x0000000140380000, 0x0000000142e80000, 0x0000000155900000)
  eden space 33792K, 100% used [0x0000000140380000,0x0000000142480000,0x0000000142480000)
  from space 5120K, 99% used [0x0000000142480000,0x000000014297fbf0,0x0000000142980000)
  to   space 5120K, 0% used [0x0000000142980000,0x0000000142980000,0x0000000142e80000)
 ParOldGen       total 87040K, used 2681K [0x0000000115900000, 0x000000011ae00000, 0x0000000140380000)
  object space 87040K, 3% used [0x0000000115900000,0x0000000115b9e610,0x000000011ae00000)
 PSPermGen       total 21504K, used 6702K [0x0000000110700000, 0x0000000111c00000, 0x0000000115900000)
  object space 21504K, 31% used [0x0000000110700000,0x0000000110d8b800,0x0000000111c00000)
Event: 1.878 GC heap after
Heap after GC invocations=2 (full 0):
 PSYoungGen      total 38912K, used 5096K [0x0000000140380000, 0x0000000144f80000, 0x0000000155900000)
  eden space 33792K, 0% used [0x0000000140380000,0x0000000140380000,0x0000000142480000)
  from space 5120K, 99% used [0x0000000142980000,0x0000000142e7a0b0,0x0000000142e80000)
  to   space 5120K, 0% used [0x0000000142480000,0x0000000142480000,0x0000000142980000)
 ParOldGen       total 87040K, used 4102K [0x0000000115900000, 0x000000011ae00000, 0x0000000140380000)
  object space 87040K, 4% used [0x0000000115900000,0x0000000115d018d0,0x000000011ae00000)
 PSPermGen       total 21504K, used 6702K [0x0000000110700000, 0x0000000111c00000, 0x0000000115900000)
  object space 21504K, 31% used [0x0000000110700000,0x0000000110d8b800,0x0000000111c00000)
}
Event: 2.163 GC heap before
{Heap before GC invocations=3 (full 0):
 PSYoungGen      total 38912K, used 38888K [0x0000000140380000, 0x0000000144f80000, 0x0000000155900000)
  eden space 33792K, 100% used [0x0000000140380000,0x0000000142480000,0x0000000142480000)
  from space 5120K, 99% used [0x0000000142980000,0x0000000142e7a0b0,0x0000000142e80000)
  to   space 5120K, 0% used [0x0000000142480000,0x0000000142480000,0x0000000142980000)
 ParOldGen       total 87040K, used 4102K [0x0000000115900000, 0x000000011ae00000, 0x0000000140380000)
  object space 87040K, 4% used [0x0000000115900000,0x0000000115d018d0,0x000000011ae00000)
 PSPermGen       total 21504K, used 6728K [0x0000000110700000, 0x0000000111c00000, 0x0000000115900000)
  object space 21504K, 31% used [0x0000000110700000,0x0000000110d921e0,0x0000000111c00000)

