# JRE version: Java(TM) SE Runtime Environment (7.0_79-b15) (build 1.7.0_79-b15)
# Java VM: Java HotSpot(TM) 64-Bit Server VM (24.79-b02 mixed mode bsd-amd64 compressed oops)
Heap
 PSYoungGen      total 310272K, used 286208K [0x0000000146180000, 0x000000015b700000, 0x000000015b700000)
  eden space 286208K, 100% used [0x0000000146180000,0x0000000157900000,0x0000000157900000)
  from space 24064K, 0% used [0x0000000157900000,0x0000000157900000,0x0000000159080000)
  to   space 34816K, 0% used [0x0000000159500000,0x0000000159500000,0x000000015b700000)
 ParOldGen       total 87040K, used 87018K [0x000000011b700000, 0x0000000120c00000, 0x0000000146180000)
  object space 87040K, 99% used [0x000000011b700000,0x0000000120bfa9c8,0x0000000120c00000)
 PSPermGen       total 124928K, used 85479K [0x000000010b700000, 0x0000000113100000, 0x000000011b700000)
  object space 124928K, 68% used [0x000000010b700000,0x0000000110a79ee0,0x0000000113100000)
GC Heap History (10 events):
Event: 7107.564 GC heap after
Heap after GC invocations=17 (full 1):
 PSYoungGen      total 315392K, used 1817K [0x0000000146180000, 0x000000015b700000, 0x000000015b700000)
  eden space 286208K, 0% used [0x0000000146180000,0x0000000146180000,0x0000000157900000)
  from space 29184K, 6% used [0x0000000159a80000,0x0000000159c467f8,0x000000015b700000)
  to   space 31744K, 0% used [0x0000000157900000,0x0000000157900000,0x0000000159800000)
 ParOldGen       total 87040K, used 80935K [0x000000011b700000, 0x0000000120c00000, 0x0000000146180000)
  object space 87040K, 92% used [0x000000011b700000,0x0000000120609db8,0x0000000120c00000)
 PSPermGen       total 89600K, used 61187K [0x000000010b700000, 0x0000000110e80000, 0x000000011b700000)
  object space 89600K, 68% used [0x000000010b700000,0x000000010f2c0d00,0x0000000110e80000)
}
Event: 7107.564 GC heap before
{Heap before GC invocations=18 (full 2):
 PSYoungGen      total 315392K, used 1817K [0x0000000146180000, 0x000000015b700000, 0x000000015b700000)
  eden space 286208K, 0% used [0x0000000146180000,0x0000000146180000,0x0000000157900000)
  from space 29184K, 6% used [0x0000000159a80000,0x0000000159c467f8,0x000000015b700000)
  to   space 31744K, 0% used [0x0000000157900000,0x0000000157900000,0x0000000159800000)
 ParOldGen       total 87040K, used 80935K [0x000000011b700000, 0x0000000120c00000, 0x0000000146180000)
  object space 87040K, 92% used [0x000000011b700000,0x0000000120609db8,0x0000000120c00000)
 PSPermGen       total 89600K, used 61187K [0x000000010b700000, 0x0000000110e80000, 0x000000011b700000)
  object space 89600K, 68% used [0x000000010b700000,0x000000010f2c0d00,0x0000000110e80000)
Event: 7108.100 GC heap after
Heap after GC invocations=18 (full 2):
 PSYoungGen      total 315392K, used 0K [0x0000000146180000, 0x000000015b700000, 0x000000015b700000)
  eden space 286208K, 0% used [0x0000000146180000,0x0000000146180000,0x0000000157900000)
  from space 29184K, 0% used [0x0000000159a80000,0x0000000159a80000,0x000000015b700000)
  to   space 31744K, 0% used [0x0000000157900000,0x0000000157900000,0x0000000159800000)
 ParOldGen       total 87040K, used 51102K [0x000000011b700000, 0x0000000120c00000, 0x0000000146180000)
  object space 87040K, 58% used [0x000000011b700000,0x000000011e8e7bb8,0x0000000120c00000)
 PSPermGen       total 111104K, used 59426K [0x000000010b700000, 0x0000000112380000, 0x000000011b700000)
  object space 111104K, 53% used [0x000000010b700000,0x000000010f1088e8,0x0000000112380000)
}
Event: 7325.871 GC heap before
{Heap before GC invocations=19 (full 2):
 PSYoungGen      total 315392K, used 211929K [0x0000000146180000, 0x000000015b700000, 0x000000015b700000)
  eden space 286208K, 74% used [0x0000000146180000,0x0000000153076610,0x0000000157900000)
  from space 29184K, 0% used [0x0000000159a80000,0x0000000159a80000,0x000000015b700000)
  to   space 31744K, 0% used [0x0000000157900000,0x0000000157900000,0x0000000159800000)
 ParOldGen       total 87040K, used 51102K [0x000000011b700000, 0x0000000120c00000, 0x0000000146180000)
  object space 87040K, 58% used [0x000000011b700000,0x000000011e8e7bb8,0x0000000120c00000)
 PSPermGen       total 111104K, used 67141K [0x000000010b700000, 0x0000000112380000, 0x000000011b700000)
  object space 111104K, 60% used [0x000000010b700000,0x000000010f8916b0,0x0000000112380000)
Event: 7325.902 GC heap after
Heap after GC invocations=19 (full 2):
 PSYoungGen      total 310272K, used 24043K [0x0000000146180000, 0x000000015b700000, 0x000000015b700000)
  eden space 286208K, 0% used [0x0000000146180000,0x0000000146180000,0x0000000157900000)
  from space 24064K, 99% used [0x0000000157900000,0x000000015907afd0,0x0000000159080000)
  to   space 34816K, 0% used [0x0000000159500000,0x0000000159500000,0x000000015b700000)
 ParOldGen       total 87040K, used 51102K [0x000000011b700000, 0x0000000120c00000, 0x0000000146180000)
  object space 87040K, 58% used [0x000000011b700000,0x000000011e8e7bb8,0x0000000120c00000)
 PSPermGen       total 111104K, used 67141K [0x000000010b700000, 0x0000000112380000, 0x000000011b700000)
  object space 111104K, 60% used [0x000000010b700000,0x000000010f8916b0,0x0000000112380000)
}
Event: 7325.902 GC heap before
{Heap before GC invocations=20 (full 3):
 PSYoungGen      total 310272K, used 24043K [0x0000000146180000, 0x000000015b700000, 0x000000015b700000)
  eden space 286208K, 0% used [0x0000000146180000,0x0000000146180000,0x0000000157900000)
  from space 24064K, 99% used [0x0000000157900000,0x000000015907afd0,0x0000000159080000)
  to   space 34816K, 0% used [0x0000000159500000,0x0000000159500000,0x000000015b700000)
 ParOldGen       total 87040K, used 51102K [0x000000011b700000, 0x0000000120c00000, 0x0000000146180000)
  object space 87040K, 58% used [0x000000011b700000,0x000000011e8e7bb8,0x0000000120c00000)
 PSPermGen       total 111104K, used 67141K [0x000000010b700000, 0x0000000112380000, 0x000000011b700000)
  object space 111104K, 60% used [0x000000010b700000,0x000000010f8916b0,0x0000000112380000)
Event: 7326.688 GC heap after
Heap after GC invocations=20 (full 3):
 PSYoungGen      total 310272K, used 0K [0x0000000146180000, 0x000000015b700000, 0x000000015b700000)
  eden space 286208K, 0% used [0x0000000146180000,0x0000000146180000,0x0000000157900000)
  from space 24064K, 0% used [0x0000000157900000,0x0000000157900000,0x0000000159080000)
  to   space 34816K, 0% used [0x0000000159500000,0x0000000159500000,0x000000015b700000)
 ParOldGen       total 87040K, used 71760K [0x000000011b700000, 0x0000000120c00000, 0x0000000146180000)
  object space 87040K, 82% used [0x000000011b700000,0x000000011fd143f0,0x0000000120c00000)
 PSPermGen       total 119808K, used 67118K [0x000000010b700000, 0x0000000112c00000, 0x000000011b700000)
  object space 119808K, 56% used [0x000000010b700000,0x000000010f88b9e0,0x0000000112c00000)
}
Event: 9086.657 GC heap before
{Heap before GC invocations=21 (full 4):
 PSYoungGen      total 310272K, used 204182K [0x0000000146180000, 0x000000015b700000, 0x000000015b700000)
  eden space 286208K, 71% used [0x0000000146180000,0x00000001528e59a0,0x0000000157900000)
  from space 24064K, 0% used [0x0000000157900000,0x0000000157900000,0x0000000159080000)
  to   space 34816K, 0% used [0x0000000159500000,0x0000000159500000,0x000000015b700000)
 ParOldGen       total 87040K, used 71760K [0x000000011b700000, 0x0000000120c00000, 0x0000000146180000)
  object space 87040K, 82% used [0x000000011b700000,0x000000011fd143f0,0x0000000120c00000)
 PSPermGen       total 119808K, used 74639K [0x000000010b700000, 0x0000000112c00000, 0x000000011b700000)
  object space 119808K, 62% used [0x000000010b700000,0x000000010ffe3eb8,0x0000000112c00000)
Event: 9087.140 GC heap after
Heap after GC invocations=21 (full 4):
 PSYoungGen      total 310272K, used 148K [0x0000000146180000, 0x000000015b700000, 0x000000015b700000)
  eden space 286208K, 0% used [0x0000000146180000,0x00000001461a5270,0x0000000157900000)
  from space 24064K, 0% used [0x0000000157900000,0x0000000157900000,0x0000000159080000)
  to   space 34816K, 0% used [0x0000000159500000,0x0000000159500000,0x000000015b700000)
 ParOldGen       total 87040K, used 87018K [0x000000011b700000, 0x0000000120c00000, 0x0000000146180000)
  object space 87040K, 99% used [0x000000011b700000,0x0000000120bfa9c8,0x0000000120c00000)
 PSPermGen       total 124928K, used 74634K [0x000000010b700000, 0x0000000113100000, 0x000000011b700000)
  object space 124928K, 59% used [0x000000010b700000,0x000000010ffe2880,0x0000000113100000)
}
Event: 9180.682 GC heap before
{Heap before GC invocations=22 (full 5):
 PSYoungGen      total 310272K, used 286208K [0x0000000146180000, 0x000000015b700000, 0x000000015b700000)
  eden space 286208K, 100% used [0x0000000146180000,0x0000000157900000,0x0000000157900000)
  from space 24064K, 0% used [0x0000000157900000,0x0000000157900000,0x0000000159080000)
  to   space 34816K, 0% used [0x0000000159500000,0x0000000159500000,0x000000015b700000)
 ParOldGen       total 87040K, used 87018K [0x000000011b700000, 0x0000000120c00000, 0x0000000146180000)
  object space 87040K, 99% used [0x000000011b700000,0x0000000120bfa9c8,0x0000000120c00000)
 PSPermGen       total 124928K, used 85479K [0x000000010b700000, 0x0000000113100000, 0x000000011b700000)
  object space 124928K, 68% used [0x000000010b700000,0x0000000110a79ee0,0x0000000113100000)

