# JRE version: Java(TM) SE Runtime Environment (7.0_79-b15) (build 1.7.0_79-b15)
# Java VM: Java HotSpot(TM) 64-Bit Server VM (24.79-b02 mixed mode bsd-amd64 compressed oops)
Heap
 PSYoungGen      total 164864K, used 54586K [0x0000000142b80000, 0x0000000150880000, 0x0000000158100000)
  eden space 109568K, 49% used [0x0000000142b80000,0x00000001460ce990,0x0000000149680000)
  from space 55296K, 0% used [0x0000000149680000,0x0000000149680000,0x000000014cc80000)
  to   space 56832K, 0% used [0x000000014d100000,0x000000014d100000,0x0000000150880000)
 ParOldGen       total 691200K, used 154924K [0x0000000118100000, 0x0000000142400000, 0x0000000142b80000)
  object space 691200K, 22% used [0x0000000118100000,0x000000012184b088,0x0000000142400000)
 PSPermGen       total 158720K, used 133023K [0x0000000108100000, 0x0000000111c00000, 0x0000000118100000)
  object space 158720K, 83% used [0x0000000108100000,0x00000001102e7cf0,0x0000000111c00000)
GC Heap History (10 events):
Event: 84980.992 GC heap before
{Heap before GC invocations=320 (full 74):
 PSYoungGen      total 168960K, used 125754K [0x0000000142b80000, 0x0000000150800000, 0x0000000158100000)
  eden space 111616K, 100% used [0x0000000142b80000,0x0000000149880000,0x0000000149880000)
  from space 57344K, 24% used [0x0000000149880000,0x000000014a64e818,0x000000014d080000)
  to   space 56832K, 0% used [0x000000014d080000,0x000000014d080000,0x0000000150800000)
 ParOldGen       total 691200K, used 130134K [0x0000000118100000, 0x0000000142400000, 0x0000000142b80000)
  object space 691200K, 18% used [0x0000000118100000,0x0000000120015bb8,0x0000000142400000)
 PSPermGen       total 143360K, used 123373K [0x0000000108100000, 0x0000000110d00000, 0x0000000118100000)
  object space 143360K, 86% used [0x0000000108100000,0x000000010f97b648,0x0000000110d00000)
Event: 84981.018 GC heap after
Heap after GC invocations=320 (full 74):
 PSYoungGen      total 163840K, used 23659K [0x0000000142b80000, 0x0000000150300000, 0x0000000158100000)
  eden space 112128K, 0% used [0x0000000142b80000,0x0000000142b80000,0x0000000149900000)
  from space 51712K, 45% used [0x000000014d080000,0x000000014e79ad78,0x0000000150300000)
  to   space 54272K, 0% used [0x0000000149900000,0x0000000149900000,0x000000014ce00000)
 ParOldGen       total 691200K, used 130134K [0x0000000118100000, 0x0000000142400000, 0x0000000142b80000)
  object space 691200K, 18% used [0x0000000118100000,0x0000000120015bb8,0x0000000142400000)
 PSPermGen       total 143360K, used 123373K [0x0000000108100000, 0x0000000110d00000, 0x0000000118100000)
  object space 143360K, 86% used [0x0000000108100000,0x000000010f97b648,0x0000000110d00000)
}
Event: 85114.453 GC heap before
{Heap before GC invocations=321 (full 74):
 PSYoungGen      total 163840K, used 135787K [0x0000000142b80000, 0x0000000150300000, 0x0000000158100000)
  eden space 112128K, 100% used [0x0000000142b80000,0x0000000149900000,0x0000000149900000)
  from space 51712K, 45% used [0x000000014d080000,0x000000014e79ad78,0x0000000150300000)
  to   space 54272K, 0% used [0x0000000149900000,0x0000000149900000,0x000000014ce00000)
 ParOldGen       total 691200K, used 130134K [0x0000000118100000, 0x0000000142400000, 0x0000000142b80000)
  object space 691200K, 18% used [0x0000000118100000,0x0000000120015bb8,0x0000000142400000)
 PSPermGen       total 143360K, used 127535K [0x0000000108100000, 0x0000000110d00000, 0x0000000118100000)
  object space 143360K, 88% used [0x0000000108100000,0x000000010fd8bed0,0x0000000110d00000)
Event: 85114.489 GC heap after
Heap after GC invocations=321 (full 74):
 PSYoungGen      total 141824K, used 29334K [0x0000000142b80000, 0x000000014ff80000, 0x0000000158100000)
  eden space 112128K, 0% used [0x0000000142b80000,0x0000000142b80000,0x0000000149900000)
  from space 29696K, 98% used [0x0000000149900000,0x000000014b5a5908,0x000000014b600000)
  to   space 52224K, 0% used [0x000000014cc80000,0x000000014cc80000,0x000000014ff80000)
 ParOldGen       total 691200K, used 130134K [0x0000000118100000, 0x0000000142400000, 0x0000000142b80000)
  object space 691200K, 18% used [0x0000000118100000,0x0000000120015bb8,0x0000000142400000)
 PSPermGen       total 143360K, used 127535K [0x0000000108100000, 0x0000000110d00000, 0x0000000118100000)
  object space 143360K, 88% used [0x0000000108100000,0x000000010fd8bed0,0x0000000110d00000)
}
Event: 85116.105 GC heap before
{Heap before GC invocations=322 (full 74):
 PSYoungGen      total 141824K, used 141462K [0x0000000142b80000, 0x000000014ff80000, 0x0000000158100000)
  eden space 112128K, 100% used [0x0000000142b80000,0x0000000149900000,0x0000000149900000)
  from space 29696K, 98% used [0x0000000149900000,0x000000014b5a5908,0x000000014b600000)
  to   space 52224K, 0% used [0x000000014cc80000,0x000000014cc80000,0x000000014ff80000)
 ParOldGen       total 691200K, used 130134K [0x0000000118100000, 0x0000000142400000, 0x0000000142b80000)
  object space 691200K, 18% used [0x0000000118100000,0x0000000120015bb8,0x0000000142400000)
 PSPermGen       total 143360K, used 130902K [0x0000000108100000, 0x0000000110d00000, 0x0000000118100000)
  object space 143360K, 91% used [0x0000000108100000,0x00000001100d5a08,0x0000000110d00000)
Event: 85116.167 GC heap after
Heap after GC invocations=322 (full 74):
 PSYoungGen      total 161792K, used 41318K [0x0000000142b80000, 0x0000000150580000, 0x0000000158100000)
  eden space 109568K, 0% used [0x0000000142b80000,0x0000000142b80000,0x0000000149680000)
  from space 52224K, 79% used [0x000000014cc80000,0x000000014f4d98e0,0x000000014ff80000)
  to   space 55296K, 0% used [0x0000000149680000,0x0000000149680000,0x000000014cc80000)
 ParOldGen       total 691200K, used 130142K [0x0000000118100000, 0x0000000142400000, 0x0000000142b80000)
  object space 691200K, 18% used [0x0000000118100000,0x0000000120017bb8,0x0000000142400000)
 PSPermGen       total 143360K, used 130902K [0x0000000108100000, 0x0000000110d00000, 0x0000000118100000)
  object space 143360K, 91% used [0x0000000108100000,0x00000001100d5a08,0x0000000110d00000)
}
Event: 85122.045 GC heap before
{Heap before GC invocations=323 (full 74):
 PSYoungGen      total 161792K, used 88715K [0x0000000142b80000, 0x0000000150580000, 0x0000000158100000)
  eden space 109568K, 43% used [0x0000000142b80000,0x00000001459c9660,0x0000000149680000)
  from space 52224K, 79% used [0x000000014cc80000,0x000000014f4d98e0,0x000000014ff80000)
  to   space 55296K, 0% used [0x0000000149680000,0x0000000149680000,0x000000014cc80000)
 ParOldGen       total 691200K, used 130142K [0x0000000118100000, 0x0000000142400000, 0x0000000142b80000)
  object space 691200K, 18% used [0x0000000118100000,0x0000000120017bb8,0x0000000142400000)
 PSPermGen       total 143360K, used 131401K [0x0000000108100000, 0x0000000110d00000, 0x0000000118100000)
  object space 143360K, 91% used [0x0000000108100000,0x0000000110152460,0x0000000110d00000)
Event: 85122.108 GC heap after
Heap after GC invocations=323 (full 74):
 PSYoungGen      total 164864K, used 39597K [0x0000000142b80000, 0x0000000150880000, 0x0000000158100000)
  eden space 109568K, 0% used [0x0000000142b80000,0x0000000142b80000,0x0000000149680000)
  from space 55296K, 71% used [0x0000000149680000,0x000000014bd2b7c8,0x000000014cc80000)
  to   space 56832K, 0% used [0x000000014d100000,0x000000014d100000,0x0000000150880000)
 ParOldGen       total 691200K, used 130150K [0x0000000118100000, 0x0000000142400000, 0x0000000142b80000)
  object space 691200K, 18% used [0x0000000118100000,0x0000000120019bb8,0x0000000142400000)
 PSPermGen       total 143360K, used 131401K [0x0000000108100000, 0x0000000110d00000, 0x0000000118100000)
  object space 143360K, 91% used [0x0000000108100000,0x0000000110152460,0x0000000110d00000)
}
Event: 85122.108 GC heap before
{Heap before GC invocations=324 (full 75):
 PSYoungGen      total 164864K, used 39597K [0x0000000142b80000, 0x0000000150880000, 0x0000000158100000)
  eden space 109568K, 0% used [0x0000000142b80000,0x0000000142b80000,0x0000000149680000)
  from space 55296K, 71% used [0x0000000149680000,0x000000014bd2b7c8,0x000000014cc80000)
  to   space 56832K, 0% used [0x000000014d100000,0x000000014d100000,0x0000000150880000)
 ParOldGen       total 691200K, used 130150K [0x0000000118100000, 0x0000000142400000, 0x0000000142b80000)
  object space 691200K, 18% used [0x0000000118100000,0x0000000120019bb8,0x0000000142400000)
 PSPermGen       total 143360K, used 131401K [0x0000000108100000, 0x0000000110d00000, 0x0000000118100000)
  object space 143360K, 91% used [0x0000000108100000,0x0000000110152460,0x0000000110d00000)
Event: 85123.468 GC heap after
Heap after GC invocations=324 (full 75):
 PSYoungGen      total 164864K, used 0K [0x0000000142b80000, 0x0000000150880000, 0x0000000158100000)
  eden space 109568K, 0% used [0x0000000142b80000,0x0000000142b80000,0x0000000149680000)
  from space 55296K, 0% used [0x0000000149680000,0x0000000149680000,0x000000014cc80000)
  to   space 56832K, 0% used [0x000000014d100000,0x000000014d100000,0x0000000150880000)
 ParOldGen       total 691200K, used 154924K [0x0000000118100000, 0x0000000142400000, 0x0000000142b80000)
  object space 691200K, 22% used [0x0000000118100000,0x000000012184b088,0x0000000142400000)
 PSPermGen       total 158720K, used 130959K [0x0000000108100000, 0x0000000111c00000, 0x0000000118100000)
  object space 158720K, 82% used [0x0000000108100000,0x00000001100e3e20,0x0000000111c00000)
}

