# JRE version: Java(TM) SE Runtime Environment (7.0_79-b15) (build 1.7.0_79-b15)
# Java VM: Java HotSpot(TM) 64-Bit Server VM (24.79-b02 mixed mode bsd-amd64 compressed oops)
Heap
 PSYoungGen      total 140288K, used 22054K [0x0000000140200000, 0x0000000153700000, 0x0000000155780000)
  eden space 135168K, 12% used [0x0000000140200000,0x0000000141291b08,0x0000000148600000)
  from space 5120K, 99% used [0x0000000148600000,0x0000000148af8020,0x0000000148b00000)
  to   space 23040K, 0% used [0x0000000152080000,0x0000000152080000,0x0000000153700000)
 ParOldGen       total 87040K, used 33422K [0x0000000115780000, 0x000000011ac80000, 0x0000000140200000)
  object space 87040K, 38% used [0x0000000115780000,0x0000000117823a70,0x000000011ac80000)
 PSPermGen       total 32256K, used 32101K [0x0000000105780000, 0x0000000107700000, 0x0000000115780000)
  object space 32256K, 99% used [0x0000000105780000,0x00000001076d9720,0x0000000107700000)
GC Heap History (10 events):
Event: 1.040 GC heap before
{Heap before GC invocations=1 (full 0):
 PSYoungGen      total 38912K, used 33792K [0x0000000140200000, 0x0000000142d00000, 0x0000000155780000)
  eden space 33792K, 100% used [0x0000000140200000,0x0000000142300000,0x0000000142300000)
  from space 5120K, 0% used [0x0000000142800000,0x0000000142800000,0x0000000142d00000)
  to   space 5120K, 0% used [0x0000000142300000,0x0000000142300000,0x0000000142800000)
 ParOldGen       total 87040K, used 0K [0x0000000115780000, 0x000000011ac80000, 0x0000000140200000)
  object space 87040K, 0% used [0x0000000115780000,0x0000000115780000,0x000000011ac80000)
 PSPermGen       total 21504K, used 8187K [0x0000000105780000, 0x0000000106c80000, 0x0000000115780000)
  object space 21504K, 38% used [0x0000000105780000,0x0000000105f7ec88,0x0000000106c80000)
Event: 1.051 GC heap after
Heap after GC invocations=1 (full 0):
 PSYoungGen      total 38912K, used 5059K [0x0000000140200000, 0x0000000144e00000, 0x0000000155780000)
  eden space 33792K, 0% used [0x0000000140200000,0x0000000140200000,0x0000000142300000)
  from space 5120K, 98% used [0x0000000142300000,0x00000001427f0fd8,0x0000000142800000)
  to   space 5120K, 0% used [0x0000000144900000,0x0000000144900000,0x0000000144e00000)
 ParOldGen       total 87040K, used 8K [0x0000000115780000, 0x000000011ac80000, 0x0000000140200000)
  object space 87040K, 0% used [0x0000000115780000,0x0000000115782000,0x000000011ac80000)
 PSPermGen       total 21504K, used 8187K [0x0000000105780000, 0x0000000106c80000, 0x0000000115780000)
  object space 21504K, 38% used [0x0000000105780000,0x0000000105f7ec88,0x0000000106c80000)
}
Event: 1.834 GC heap before
{Heap before GC invocations=2 (full 0):
 PSYoungGen      total 38912K, used 38851K [0x0000000140200000, 0x0000000144e00000, 0x0000000155780000)
  eden space 33792K, 100% used [0x0000000140200000,0x0000000142300000,0x0000000142300000)
  from space 5120K, 98% used [0x0000000142300000,0x00000001427f0fd8,0x0000000142800000)
  to   space 5120K, 0% used [0x0000000144900000,0x0000000144900000,0x0000000144e00000)
 ParOldGen       total 87040K, used 8K [0x0000000115780000, 0x000000011ac80000, 0x0000000140200000)
  object space 87040K, 0% used [0x0000000115780000,0x0000000115782000,0x000000011ac80000)
 PSPermGen       total 21504K, used 14777K [0x0000000105780000, 0x0000000106c80000, 0x0000000115780000)
  object space 21504K, 68% used [0x0000000105780000,0x00000001065ee740,0x0000000106c80000)
Event: 1.846 GC heap after
Heap after GC invocations=2 (full 0):
 PSYoungGen      total 72704K, used 5094K [0x0000000140200000, 0x0000000144e00000, 0x0000000155780000)
  eden space 67584K, 0% used [0x0000000140200000,0x0000000140200000,0x0000000144400000)
  from space 5120K, 99% used [0x0000000144900000,0x0000000144df9838,0x0000000144e00000)
  to   space 5120K, 0% used [0x0000000144400000,0x0000000144400000,0x0000000144900000)
 ParOldGen       total 87040K, used 2563K [0x0000000115780000, 0x000000011ac80000, 0x0000000140200000)
  object space 87040K, 2% used [0x0000000115780000,0x0000000115a00d78,0x000000011ac80000)
 PSPermGen       total 21504K, used 14777K [0x0000000105780000, 0x0000000106c80000, 0x0000000115780000)
  object space 21504K, 68% used [0x0000000105780000,0x00000001065ee740,0x0000000106c80000)
}
Event: 3.152 GC heap before
{Heap before GC invocations=3 (full 0):
 PSYoungGen      total 72704K, used 72678K [0x0000000140200000, 0x0000000144e00000, 0x0000000155780000)
  eden space 67584K, 100% used [0x0000000140200000,0x0000000144400000,0x0000000144400000)
  from space 5120K, 99% used [0x0000000144900000,0x0000000144df9838,0x0000000144e00000)
  to   space 5120K, 0% used [0x0000000144400000,0x0000000144400000,0x0000000144900000)
 ParOldGen       total 87040K, used 2563K [0x0000000115780000, 0x000000011ac80000, 0x0000000140200000)
  object space 87040K, 2% used [0x0000000115780000,0x0000000115a00d78,0x000000011ac80000)
 PSPermGen       total 21504K, used 20336K [0x0000000105780000, 0x0000000106c80000, 0x0000000115780000)
  object space 21504K, 94% used [0x0000000105780000,0x0000000106b5c070,0x0000000106c80000)
Event: 3.172 GC heap after
Heap after GC invocations=3 (full 0):
 PSYoungGen      total 72704K, used 5120K [0x0000000140200000, 0x0000000149000000, 0x0000000155780000)
  eden space 67584K, 0% used [0x0000000140200000,0x0000000140200000,0x0000000144400000)
  from space 5120K, 100% used [0x0000000144400000,0x0000000144900000,0x0000000144900000)
  to   space 5120K, 0% used [0x0000000148b00000,0x0000000148b00000,0x0000000149000000)
 ParOldGen       total 87040K, used 9788K [0x0000000115780000, 0x000000011ac80000, 0x0000000140200000)
  object space 87040K, 11% used [0x0000000115780000,0x000000011610f110,0x000000011ac80000)
 PSPermGen       total 21504K, used 20336K [0x0000000105780000, 0x0000000106c80000, 0x0000000115780000)
  object space 21504K, 94% used [0x0000000105780000,0x0000000106b5c070,0x0000000106c80000)
}
Event: 4.871 GC heap before
{Heap before GC invocations=4 (full 0):
 PSYoungGen      total 72704K, used 72704K [0x0000000140200000, 0x0000000149000000, 0x0000000155780000)
  eden space 67584K, 100% used [0x0000000140200000,0x0000000144400000,0x0000000144400000)
  from space 5120K, 100% used [0x0000000144400000,0x0000000144900000,0x0000000144900000)
  to   space 5120K, 0% used [0x0000000148b00000,0x0000000148b00000,0x0000000149000000)
 ParOldGen       total 87040K, used 9788K [0x0000000115780000, 0x000000011ac80000, 0x0000000140200000)
  object space 87040K, 11% used [0x0000000115780000,0x000000011610f110,0x000000011ac80000)
 PSPermGen       total 25600K, used 25219K [0x0000000105780000, 0x0000000107080000, 0x0000000115780000)
  object space 25600K, 98% used [0x0000000105780000,0x0000000107020d90,0x0000000107080000)
Event: 4.893 GC heap after
Heap after GC invocations=4 (full 0):
 PSYoungGen      total 140288K, used 5104K [0x0000000140200000, 0x0000000149000000, 0x0000000155780000)
  eden space 135168K, 0% used [0x0000000140200000,0x0000000140200000,0x0000000148600000)
  from space 5120K, 99% used [0x0000000148b00000,0x0000000148ffc030,0x0000000149000000)
  to   space 5120K, 0% used [0x0000000148600000,0x0000000148600000,0x0000000148b00000)
 ParOldGen       total 87040K, used 14628K [0x0000000115780000, 0x000000011ac80000, 0x0000000140200000)
  object space 87040K, 16% used [0x0000000115780000,0x00000001165c90b8,0x000000011ac80000)
 PSPermGen       total 25600K, used 25219K [0x0000000105780000, 0x0000000107080000, 0x0000000115780000)
  object space 25600K, 98% used [0x0000000105780000,0x0000000107020d90,0x0000000107080000)
}
Event: 8.013 GC heap before
{Heap before GC invocations=5 (full 0):
 PSYoungGen      total 140288K, used 140272K [0x0000000140200000, 0x0000000149000000, 0x0000000155780000)
  eden space 135168K, 100% used [0x0000000140200000,0x0000000148600000,0x0000000148600000)
  from space 5120K, 99% used [0x0000000148b00000,0x0000000148ffc030,0x0000000149000000)
  to   space 5120K, 0% used [0x0000000148600000,0x0000000148600000,0x0000000148b00000)
 ParOldGen       total 87040K, used 14628K [0x0000000115780000, 0x000000011ac80000, 0x0000000140200000)
  object space 87040K, 16% used [0x0000000115780000,0x00000001165c90b8,0x000000011ac80000)
 PSPermGen       total 31744K, used 31602K [0x0000000105780000, 0x0000000107680000, 0x0000000115780000)
  object space 31744K, 99% used [0x0000000105780000,0x000000010765c9c0,0x0000000107680000)
Event: 8.076 GC heap after
Heap after GC invocations=5 (full 0):
 PSYoungGen      total 140288K, used 5088K [0x0000000140200000, 0x0000000153700000, 0x0000000155780000)
  eden space 135168K, 0% used [0x0000000140200000,0x0000000140200000,0x0000000148600000)
  from space 5120K, 99% used [0x0000000148600000,0x0000000148af8020,0x0000000148b00000)
  to   space 23040K, 0% used [0x0000000152080000,0x0000000152080000,0x0000000153700000)
 ParOldGen       total 87040K, used 33422K [0x0000000115780000, 0x000000011ac80000, 0x0000000140200000)
  object space 87040K, 38% used [0x0000000115780000,0x0000000117823a70,0x000000011ac80000)
 PSPermGen       total 31744K, used 31602K [0x0000000105780000, 0x0000000107680000, 0x0000000115780000)
  object space 31744K, 99% used [0x0000000105780000,0x000000010765c9c0,0x0000000107680000)
}

