# JRE version: Java(TM) SE Runtime Environment (7.0_79-b15) (build 1.7.0_79-b15)
# Java VM: Java HotSpot(TM) 64-Bit Server VM (24.79-b02 mixed mode bsd-amd64 compressed oops)
Heap
 PSYoungGen      total 72704K, used 50641K [0x0000000149f00000, 0x0000000153b00000, 0x000000015f480000)
  eden space 67584K, 67% used [0x0000000149f00000,0x000000014cb7c4f0,0x000000014e100000)
  from space 5120K, 99% used [0x000000014e100000,0x000000014e5f8040,0x000000014e600000)
  to   space 12288K, 0% used [0x0000000152f00000,0x0000000152f00000,0x0000000153b00000)
 ParOldGen       total 87040K, used 14734K [0x000000011f480000, 0x0000000124980000, 0x0000000149f00000)
  object space 87040K, 16% used [0x000000011f480000,0x00000001202e3890,0x0000000124980000)
 PSPermGen       total 29184K, used 28718K [0x000000010f480000, 0x0000000111100000, 0x000000011f480000)
  object space 29184K, 98% used [0x000000010f480000,0x000000011108bb78,0x0000000111100000)
GC Heap History (10 events):
Event: 1.429 GC heap before
{Heap before GC invocations=1 (full 0):
 PSYoungGen      total 38912K, used 33792K [0x0000000149f00000, 0x000000014ca00000, 0x000000015f480000)
  eden space 33792K, 100% used [0x0000000149f00000,0x000000014c000000,0x000000014c000000)
  from space 5120K, 0% used [0x000000014c500000,0x000000014c500000,0x000000014ca00000)
  to   space 5120K, 0% used [0x000000014c000000,0x000000014c000000,0x000000014c500000)
 ParOldGen       total 87040K, used 0K [0x000000011f480000, 0x0000000124980000, 0x0000000149f00000)
  object space 87040K, 0% used [0x000000011f480000,0x000000011f480000,0x0000000124980000)
 PSPermGen       total 21504K, used 8186K [0x000000010f480000, 0x0000000110980000, 0x000000011f480000)
  object space 21504K, 38% used [0x000000010f480000,0x000000010fc7eb88,0x0000000110980000)
Event: 1.438 GC heap after
Heap after GC invocations=1 (full 0):
 PSYoungGen      total 38912K, used 5075K [0x0000000149f00000, 0x000000014ca00000, 0x000000015f480000)
  eden space 33792K, 0% used [0x0000000149f00000,0x0000000149f00000,0x000000014c000000)
  from space 5120K, 99% used [0x000000014c000000,0x000000014c4f4fc8,0x000000014c500000)
  to   space 5120K, 0% used [0x000000014c500000,0x000000014c500000,0x000000014ca00000)
 ParOldGen       total 87040K, used 8K [0x000000011f480000, 0x0000000124980000, 0x0000000149f00000)
  object space 87040K, 0% used [0x000000011f480000,0x000000011f482000,0x0000000124980000)
 PSPermGen       total 21504K, used 8186K [0x000000010f480000, 0x0000000110980000, 0x000000011f480000)
  object space 21504K, 38% used [0x000000010f480000,0x000000010fc7eb88,0x0000000110980000)
}
Event: 2.414 GC heap before
{Heap before GC invocations=2 (full 0):
 PSYoungGen      total 38912K, used 38867K [0x0000000149f00000, 0x000000014ca00000, 0x000000015f480000)
  eden space 33792K, 100% used [0x0000000149f00000,0x000000014c000000,0x000000014c000000)
  from space 5120K, 99% used [0x000000014c000000,0x000000014c4f4fc8,0x000000014c500000)
  to   space 5120K, 0% used [0x000000014c500000,0x000000014c500000,0x000000014ca00000)
 ParOldGen       total 87040K, used 8K [0x000000011f480000, 0x0000000124980000, 0x0000000149f00000)
  object space 87040K, 0% used [0x000000011f480000,0x000000011f482000,0x0000000124980000)
 PSPermGen       total 21504K, used 14782K [0x000000010f480000, 0x0000000110980000, 0x000000011f480000)
  object space 21504K, 68% used [0x000000010f480000,0x00000001102ef800,0x0000000110980000)
Event: 2.430 GC heap after
Heap after GC invocations=2 (full 0):
 PSYoungGen      total 38912K, used 5094K [0x0000000149f00000, 0x000000014eb00000, 0x000000015f480000)
  eden space 33792K, 0% used [0x0000000149f00000,0x0000000149f00000,0x000000014c000000)
  from space 5120K, 99% used [0x000000014c500000,0x000000014c9f9838,0x000000014ca00000)
  to   space 5120K, 0% used [0x000000014c000000,0x000000014c000000,0x000000014c500000)
 ParOldGen       total 87040K, used 2569K [0x000000011f480000, 0x0000000124980000, 0x0000000149f00000)
  object space 87040K, 2% used [0x000000011f480000,0x000000011f702740,0x0000000124980000)
 PSPermGen       total 21504K, used 14782K [0x000000010f480000, 0x0000000110980000, 0x000000011f480000)
  object space 21504K, 68% used [0x000000010f480000,0x00000001102ef800,0x0000000110980000)
}
Event: 3.127 GC heap before
{Heap before GC invocations=3 (full 0):
 PSYoungGen      total 38912K, used 38886K [0x0000000149f00000, 0x000000014eb00000, 0x000000015f480000)
  eden space 33792K, 100% used [0x0000000149f00000,0x000000014c000000,0x000000014c000000)
  from space 5120K, 99% used [0x000000014c500000,0x000000014c9f9838,0x000000014ca00000)
  to   space 5120K, 0% used [0x000000014c000000,0x000000014c000000,0x000000014c500000)
 ParOldGen       total 87040K, used 2569K [0x000000011f480000, 0x0000000124980000, 0x0000000149f00000)
  object space 87040K, 2% used [0x000000011f480000,0x000000011f702740,0x0000000124980000)
 PSPermGen       total 21504K, used 18287K [0x000000010f480000, 0x0000000110980000, 0x000000011f480000)
  object space 21504K, 85% used [0x000000010f480000,0x000000011065bec8,0x0000000110980000)
Event: 3.141 GC heap after
Heap after GC invocations=3 (full 0):
 PSYoungGen      total 38912K, used 5104K [0x0000000149f00000, 0x000000014eb00000, 0x000000015f480000)
  eden space 33792K, 0% used [0x0000000149f00000,0x0000000149f00000,0x000000014c000000)
  from space 5120K, 99% used [0x000000014c000000,0x000000014c4fc1a0,0x000000014c500000)
  to   space 5120K, 0% used [0x000000014e600000,0x000000014e600000,0x000000014eb00000)
 ParOldGen       total 87040K, used 5496K [0x000000011f480000, 0x0000000124980000, 0x0000000149f00000)
  object space 87040K, 6% used [0x000000011f480000,0x000000011f9de118,0x0000000124980000)
 PSPermGen       total 21504K, used 18287K [0x000000010f480000, 0x0000000110980000, 0x000000011f480000)
  object space 21504K, 85% used [0x000000010f480000,0x000000011065bec8,0x0000000110980000)
}
Event: 3.849 GC heap before
{Heap before GC invocations=4 (full 0):
 PSYoungGen      total 38912K, used 38896K [0x0000000149f00000, 0x000000014eb00000, 0x000000015f480000)
  eden space 33792K, 100% used [0x0000000149f00000,0x000000014c000000,0x000000014c000000)
  from space 5120K, 99% used [0x000000014c000000,0x000000014c4fc1a0,0x000000014c500000)
  to   space 5120K, 0% used [0x000000014e600000,0x000000014e600000,0x000000014eb00000)
 ParOldGen       total 87040K, used 5496K [0x000000011f480000, 0x0000000124980000, 0x0000000149f00000)
  object space 87040K, 6% used [0x000000011f480000,0x000000011f9de118,0x0000000124980000)
 PSPermGen       total 21504K, used 20340K [0x000000010f480000, 0x0000000110980000, 0x000000011f480000)
  object space 21504K, 94% used [0x000000010f480000,0x000000011085d3b8,0x0000000110980000)
Event: 3.869 GC heap after
Heap after GC invocations=4 (full 0):
 PSYoungGen      total 72704K, used 5104K [0x0000000149f00000, 0x000000014eb00000, 0x000000015f480000)
  eden space 67584K, 0% used [0x0000000149f00000,0x0000000149f00000,0x000000014e100000)
  from space 5120K, 99% used [0x000000014e600000,0x000000014eafc010,0x000000014eb00000)
  to   space 5120K, 0% used [0x000000014e100000,0x000000014e100000,0x000000014e600000)
 ParOldGen       total 87040K, used 9789K [0x000000011f480000, 0x0000000124980000, 0x0000000149f00000)
  object space 87040K, 11% used [0x000000011f480000,0x000000011fe0f570,0x0000000124980000)
 PSPermGen       total 21504K, used 20340K [0x000000010f480000, 0x0000000110980000, 0x000000011f480000)
  object space 21504K, 94% used [0x000000010f480000,0x000000011085d3b8,0x0000000110980000)
}
Event: 5.758 GC heap before
{Heap before GC invocations=5 (full 0):
 PSYoungGen      total 72704K, used 72688K [0x0000000149f00000, 0x000000014eb00000, 0x000000015f480000)
  eden space 67584K, 100% used [0x0000000149f00000,0x000000014e100000,0x000000014e100000)
  from space 5120K, 99% used [0x000000014e600000,0x000000014eafc010,0x000000014eb00000)
  to   space 5120K, 0% used [0x000000014e100000,0x000000014e100000,0x000000014e600000)
 ParOldGen       total 87040K, used 9789K [0x000000011f480000, 0x0000000124980000, 0x0000000149f00000)
  object space 87040K, 11% used [0x000000011f480000,0x000000011fe0f570,0x0000000124980000)
 PSPermGen       total 25600K, used 25221K [0x000000010f480000, 0x0000000110d80000, 0x000000011f480000)
  object space 25600K, 98% used [0x000000010f480000,0x0000000110d21508,0x0000000110d80000)
Event: 5.786 GC heap after
Heap after GC invocations=5 (full 0):
 PSYoungGen      total 72704K, used 5088K [0x0000000149f00000, 0x0000000153b00000, 0x000000015f480000)
  eden space 67584K, 0% used [0x0000000149f00000,0x0000000149f00000,0x000000014e100000)
  from space 5120K, 99% used [0x000000014e100000,0x000000014e5f8040,0x000000014e600000)
  to   space 12288K, 0% used [0x0000000152f00000,0x0000000152f00000,0x0000000153b00000)
 ParOldGen       total 87040K, used 14734K [0x000000011f480000, 0x0000000124980000, 0x0000000149f00000)
  object space 87040K, 16% used [0x000000011f480000,0x00000001202e3890,0x0000000124980000)
 PSPermGen       total 25600K, used 25221K [0x000000010f480000, 0x0000000110d80000, 0x000000011f480000)
  object space 25600K, 98% used [0x000000010f480000,0x0000000110d21508,0x0000000110d80000)
}

