# JRE version: Java(TM) SE Runtime Environment (7.0_79-b15) (build 1.7.0_79-b15)
# Java VM: Java HotSpot(TM) 64-Bit Server VM (24.79-b02 mixed mode bsd-amd64 compressed oops)
Heap
 PSYoungGen      total 140288K, used 72659K [0x0000000140900000, 0x0000000149700000, 0x0000000155e80000)
  eden space 135168K, 49% used [0x0000000140900000,0x0000000144af8cc0,0x0000000148d00000)
  from space 5120K, 99% used [0x0000000149200000,0x00000001496fc030,0x0000000149700000)
  to   space 5120K, 0% used [0x0000000148d00000,0x0000000148d00000,0x0000000149200000)
 ParOldGen       total 87040K, used 14626K [0x0000000115e80000, 0x000000011b380000, 0x0000000140900000)
  object space 87040K, 16% used [0x0000000115e80000,0x0000000116cc8910,0x000000011b380000)
 PSPermGen       total 29696K, used 29286K [0x0000000105e80000, 0x0000000107b80000, 0x0000000115e80000)
  object space 29696K, 98% used [0x0000000105e80000,0x0000000107b19888,0x0000000107b80000)
GC Heap History (8 events):
Event: 1.174 GC heap before
{Heap before GC invocations=1 (full 0):
 PSYoungGen      total 38912K, used 33792K [0x0000000140900000, 0x0000000143400000, 0x0000000155e80000)
  eden space 33792K, 100% used [0x0000000140900000,0x0000000142a00000,0x0000000142a00000)
  from space 5120K, 0% used [0x0000000142f00000,0x0000000142f00000,0x0000000143400000)
  to   space 5120K, 0% used [0x0000000142a00000,0x0000000142a00000,0x0000000142f00000)
 ParOldGen       total 87040K, used 0K [0x0000000115e80000, 0x000000011b380000, 0x0000000140900000)
  object space 87040K, 0% used [0x0000000115e80000,0x0000000115e80000,0x000000011b380000)
 PSPermGen       total 21504K, used 8187K [0x0000000105e80000, 0x0000000107380000, 0x0000000115e80000)
  object space 21504K, 38% used [0x0000000105e80000,0x000000010667ec20,0x0000000107380000)
Event: 1.187 GC heap after
Heap after GC invocations=1 (full 0):
 PSYoungGen      total 38912K, used 5002K [0x0000000140900000, 0x0000000145500000, 0x0000000155e80000)
  eden space 33792K, 0% used [0x0000000140900000,0x0000000140900000,0x0000000142a00000)
  from space 5120K, 97% used [0x0000000142a00000,0x0000000142ee2bf8,0x0000000142f00000)
  to   space 5120K, 0% used [0x0000000145000000,0x0000000145000000,0x0000000145500000)
 ParOldGen       total 87040K, used 8K [0x0000000115e80000, 0x000000011b380000, 0x0000000140900000)
  object space 87040K, 0% used [0x0000000115e80000,0x0000000115e82000,0x000000011b380000)
 PSPermGen       total 21504K, used 8187K [0x0000000105e80000, 0x0000000107380000, 0x0000000115e80000)
  object space 21504K, 38% used [0x0000000105e80000,0x000000010667ec20,0x0000000107380000)
}
Event: 2.298 GC heap before
{Heap before GC invocations=2 (full 0):
 PSYoungGen      total 38912K, used 38794K [0x0000000140900000, 0x0000000145500000, 0x0000000155e80000)
  eden space 33792K, 100% used [0x0000000140900000,0x0000000142a00000,0x0000000142a00000)
  from space 5120K, 97% used [0x0000000142a00000,0x0000000142ee2bf8,0x0000000142f00000)
  to   space 5120K, 0% used [0x0000000145000000,0x0000000145000000,0x0000000145500000)
 ParOldGen       total 87040K, used 8K [0x0000000115e80000, 0x000000011b380000, 0x0000000140900000)
  object space 87040K, 0% used [0x0000000115e80000,0x0000000115e82000,0x000000011b380000)
 PSPermGen       total 21504K, used 14776K [0x0000000105e80000, 0x0000000107380000, 0x0000000115e80000)
  object space 21504K, 68% used [0x0000000105e80000,0x0000000106cee380,0x0000000107380000)
Event: 2.312 GC heap after
Heap after GC invocations=2 (full 0):
 PSYoungGen      total 72704K, used 5109K [0x0000000140900000, 0x0000000145500000, 0x0000000155e80000)
  eden space 67584K, 0% used [0x0000000140900000,0x0000000140900000,0x0000000144b00000)
  from space 5120K, 99% used [0x0000000145000000,0x00000001454fd6b8,0x0000000145500000)
  to   space 5120K, 0% used [0x0000000144b00000,0x0000000144b00000,0x0000000145000000)
 ParOldGen       total 87040K, used 2557K [0x0000000115e80000, 0x000000011b380000, 0x0000000140900000)
  object space 87040K, 2% used [0x0000000115e80000,0x00000001160ff6f8,0x000000011b380000)
 PSPermGen       total 21504K, used 14776K [0x0000000105e80000, 0x0000000107380000, 0x0000000115e80000)
  object space 21504K, 68% used [0x0000000105e80000,0x0000000106cee380,0x0000000107380000)
}
Event: 3.883 GC heap before
{Heap before GC invocations=3 (full 0):
 PSYoungGen      total 72704K, used 72693K [0x0000000140900000, 0x0000000145500000, 0x0000000155e80000)
  eden space 67584K, 100% used [0x0000000140900000,0x0000000144b00000,0x0000000144b00000)
  from space 5120K, 99% used [0x0000000145000000,0x00000001454fd6b8,0x0000000145500000)
  to   space 5120K, 0% used [0x0000000144b00000,0x0000000144b00000,0x0000000145000000)
 ParOldGen       total 87040K, used 2557K [0x0000000115e80000, 0x000000011b380000, 0x0000000140900000)
  object space 87040K, 2% used [0x0000000115e80000,0x00000001160ff6f8,0x000000011b380000)
 PSPermGen       total 21504K, used 20332K [0x0000000105e80000, 0x0000000107380000, 0x0000000115e80000)
  object space 21504K, 94% used [0x0000000105e80000,0x000000010725b1b0,0x0000000107380000)
Event: 3.915 GC heap after
Heap after GC invocations=3 (full 0):
 PSYoungGen      total 72704K, used 5088K [0x0000000140900000, 0x0000000149700000, 0x0000000155e80000)
  eden space 67584K, 0% used [0x0000000140900000,0x0000000140900000,0x0000000144b00000)
  from space 5120K, 99% used [0x0000000144b00000,0x0000000144ff8170,0x0000000145000000)
  to   space 5120K, 0% used [0x0000000149200000,0x0000000149200000,0x0000000149700000)
 ParOldGen       total 87040K, used 9800K [0x0000000115e80000, 0x000000011b380000, 0x0000000140900000)
  object space 87040K, 11% used [0x0000000115e80000,0x00000001168123b8,0x000000011b380000)
 PSPermGen       total 21504K, used 20332K [0x0000000105e80000, 0x0000000107380000, 0x0000000115e80000)
  object space 21504K, 94% used [0x0000000105e80000,0x000000010725b1b0,0x0000000107380000)
}
Event: 5.641 GC heap before
{Heap before GC invocations=4 (full 0):
 PSYoungGen      total 72704K, used 72672K [0x0000000140900000, 0x0000000149700000, 0x0000000155e80000)
  eden space 67584K, 100% used [0x0000000140900000,0x0000000144b00000,0x0000000144b00000)
  from space 5120K, 99% used [0x0000000144b00000,0x0000000144ff8170,0x0000000145000000)
  to   space 5120K, 0% used [0x0000000149200000,0x0000000149200000,0x0000000149700000)
 ParOldGen       total 87040K, used 9800K [0x0000000115e80000, 0x000000011b380000, 0x0000000140900000)
  object space 87040K, 11% used [0x0000000115e80000,0x00000001168123b8,0x000000011b380000)
 PSPermGen       total 25600K, used 25217K [0x0000000105e80000, 0x0000000107780000, 0x0000000115e80000)
  object space 25600K, 98% used [0x0000000105e80000,0x0000000107720488,0x0000000107780000)
Event: 5.667 GC heap after
Heap after GC invocations=4 (full 0):
 PSYoungGen      total 140288K, used 5104K [0x0000000140900000, 0x0000000149700000, 0x0000000155e80000)
  eden space 135168K, 0% used [0x0000000140900000,0x0000000140900000,0x0000000148d00000)
  from space 5120K, 99% used [0x0000000149200000,0x00000001496fc030,0x0000000149700000)
  to   space 5120K, 0% used [0x0000000148d00000,0x0000000148d00000,0x0000000149200000)
 ParOldGen       total 87040K, used 14626K [0x0000000115e80000, 0x000000011b380000, 0x0000000140900000)
  object space 87040K, 16% used [0x0000000115e80000,0x0000000116cc8910,0x000000011b380000)
 PSPermGen       total 25600K, used 25217K [0x0000000105e80000, 0x0000000107780000, 0x0000000115e80000)
  object space 25600K, 98% used [0x0000000105e80000,0x0000000107720488,0x0000000107780000)
}

