# JRE version: Java(TM) SE Runtime Environment (7.0_79-b15) (build 1.7.0_79-b15)
# Java VM: Java HotSpot(TM) 64-Bit Server VM (24.79-b02 mixed mode bsd-amd64 compressed oops)
Heap
 PSYoungGen      total 72704K, used 37431K [0x0000000143900000, 0x0000000148500000, 0x0000000158e80000)
  eden space 67584K, 47% used [0x0000000143900000,0x0000000145890330,0x0000000147b00000)
  from space 5120K, 99% used [0x0000000148000000,0x00000001484fda48,0x0000000148500000)
  to   space 5120K, 0% used [0x0000000147b00000,0x0000000147b00000,0x0000000148000000)
 ParOldGen       total 87040K, used 5646K [0x0000000118e80000, 0x000000011e380000, 0x0000000143900000)
  object space 87040K, 6% used [0x0000000118e80000,0x00000001194039e8,0x000000011e380000)
 PSPermGen       total 21504K, used 6717K [0x0000000113c80000, 0x0000000115180000, 0x0000000118e80000)
  object space 21504K, 31% used [0x0000000113c80000,0x000000011430f600,0x0000000115180000)
GC Heap History (4 events):
Event: 1.416 GC heap before
{Heap before GC invocations=1 (full 0):
 PSYoungGen      total 38912K, used 33792K [0x0000000143900000, 0x0000000146400000, 0x0000000158e80000)
  eden space 33792K, 100% used [0x0000000143900000,0x0000000145a00000,0x0000000145a00000)
  from space 5120K, 0% used [0x0000000145f00000,0x0000000145f00000,0x0000000146400000)
  to   space 5120K, 0% used [0x0000000145a00000,0x0000000145a00000,0x0000000145f00000)
 ParOldGen       total 87040K, used 0K [0x0000000118e80000, 0x000000011e380000, 0x0000000143900000)
  object space 87040K, 0% used [0x0000000118e80000,0x0000000118e80000,0x000000011e380000)
 PSPermGen       total 21504K, used 6629K [0x0000000113c80000, 0x0000000115180000, 0x0000000118e80000)
  object space 21504K, 30% used [0x0000000113c80000,0x00000001142f95d8,0x0000000115180000)
Event: 1.431 GC heap after
Heap after GC invocations=1 (full 0):
 PSYoungGen      total 38912K, used 5118K [0x0000000143900000, 0x0000000148500000, 0x0000000158e80000)
  eden space 33792K, 0% used [0x0000000143900000,0x0000000143900000,0x0000000145a00000)
  from space 5120K, 99% used [0x0000000145a00000,0x0000000145effbf0,0x0000000145f00000)
  to   space 5120K, 0% used [0x0000000148000000,0x0000000148000000,0x0000000148500000)
 ParOldGen       total 87040K, used 2693K [0x0000000118e80000, 0x000000011e380000, 0x0000000143900000)
  object space 87040K, 3% used [0x0000000118e80000,0x0000000119121680,0x000000011e380000)
 PSPermGen       total 21504K, used 6629K [0x0000000113c80000, 0x0000000115180000, 0x0000000118e80000)
  object space 21504K, 30% used [0x0000000113c80000,0x00000001142f95d8,0x0000000115180000)
}
Event: 1.921 GC heap before
{Heap before GC invocations=2 (full 0):
 PSYoungGen      total 38912K, used 38910K [0x0000000143900000, 0x0000000148500000, 0x0000000158e80000)
  eden space 33792K, 100% used [0x0000000143900000,0x0000000145a00000,0x0000000145a00000)
  from space 5120K, 99% used [0x0000000145a00000,0x0000000145effbf0,0x0000000145f00000)
  to   space 5120K, 0% used [0x0000000148000000,0x0000000148000000,0x0000000148500000)
 ParOldGen       total 87040K, used 2693K [0x0000000118e80000, 0x000000011e380000, 0x0000000143900000)
  object space 87040K, 3% used [0x0000000118e80000,0x0000000119121680,0x000000011e380000)
 PSPermGen       total 21504K, used 6702K [0x0000000113c80000, 0x0000000115180000, 0x0000000118e80000)
  object space 21504K, 31% used [0x0000000113c80000,0x000000011430b800,0x0000000115180000)
Event: 1.929 GC heap after
Heap after GC invocations=2 (full 0):
 PSYoungGen      total 72704K, used 5110K [0x0000000143900000, 0x0000000148500000, 0x0000000158e80000)
  eden space 67584K, 0% used [0x0000000143900000,0x0000000143900000,0x0000000147b00000)
  from space 5120K, 99% used [0x0000000148000000,0x00000001484fda48,0x0000000148500000)
  to   space 5120K, 0% used [0x0000000147b00000,0x0000000147b00000,0x0000000148000000)
 ParOldGen       total 87040K, used 5646K [0x0000000118e80000, 0x000000011e380000, 0x0000000143900000)
  object space 87040K, 6% used [0x0000000118e80000,0x00000001194039e8,0x000000011e380000)
 PSPermGen       total 21504K, used 6702K [0x0000000113c80000, 0x0000000115180000, 0x0000000118e80000)
  object space 21504K, 31% used [0x0000000113c80000,0x000000011430b800,0x0000000115180000)
}

